[0;32m========================================[0m
[0;32mShareLand SSL Certificate Setup[0m
[0;32m========================================[0m

[1;33mDomain: shareland.it[0m
[1;33mAlternate Domain: www.shareland.it[0m
[1;33mEmail: admin@shareland.it[0m

[1;33m[1/5] Checking Certbot installation...[0m
✓ Certbot already installed
[1;33m[2/5] Checking Nginx status...[0m
Nginx is running
[1;33m[3/5] Creating SSL certificate...[0m
Saving debug log to /var/log/letsencrypt/letsencrypt.log
Certificate not yet due for renewal

- - - - - - - - - - - - - - - - - - - - - - - - - - - - - - - - - - - - - - - -
Certificate not yet due for renewal; no action taken.
- - - - - - - - - - - - - - - - - - - - - - - - - - - - - - - - - - - - - - - -
[0;32m✓ SSL certificate created successfully[0m
[1;33m[4/5] Updating Nginx configuration...[0m
✓ Nginx configuration updated
[1;33m[5/5] Enabling SSL redirect and reloading services...[0m
[0;32m✓ SSL redirect enabled in .env[0m
shareland: stopped
shareland: started
[0;32m✓ Gunicorn restarted[0m
[0;32m✓ Nginx reloaded successfully[0m
[1;33mSetting up automatic certificate renewal...[0m
nginx: the configuration file /etc/nginx/nginx.conf syntax is ok
nginx: configuration file /etc/nginx/nginx.conf test is successful
[0;32m✓ Automatic renewal configured[0m

[0;32m========================================[0m
[0;32mSSL Setup Complete![0m
[0;32m========================================[0m

[0;32mYour site is now secure:[0m
  🌐 https://shareland.it
  🌐 https://www.shareland.it
  🔒 HTTP redirects to HTTPS automatically

[1;33mAccess during setup (before DNS is configured):[0m
  http://5.249.148.147 (HTTP access via IP)

[1;33mCertificate Details:[0m

- - - - - - - - - - - - - - - - - - - - - - - - - - - - - - - - - - - - - - - -
Found the following certs:
  Certificate Name: shareland.it
    Serial Number: 5db0f289d04b88b9f7f7ff687b09b43ecd6
    Key Type: RSA
    Domains: shareland.it www.shareland.it
    Expiry Date: 2026-03-23 13:16:55+00:00 (VALID: 66 days)
    Certificate Path: /etc/letsencrypt/live/shareland.it/fullchain.pem
    Private Key Path: /etc/letsencrypt/live/shareland.it/privkey.pem
- - - - - - - - - - - - - - - - - - - - - - - - - - - - - - - - - - - - - - - -
Saving debug log to /var/log/letsencrypt/letsencrypt.log

[1;33mCertificate Renewal:[0m
  Automatic renewal is enabled
  Renewal check runs daily
  Renewal logs: /var/log/letsencrypt/

[1;33mSecurity Headers Added:[0m
  ✓ HSTS (HTTP Strict Transport Security)
  ✓ X-Frame-Options
  ✓ X-Content-Type-Options
  ✓ X-XSS-Protection
  ✓ Referrer-Policy

[1;33mManual Renewal (if needed):[0m
  sudo certbot renew --dry-run
  sudo certbot renew

[0;32mNext steps:[0m
1. Visit https://shareland.it to verify SSL is working
2. Check SSL rating: https://www.ssllabs.com/ssltest/
3. Update any external configurations with HTTPS URLs

